0 info it worked if it ends with ok
1 verbose cli [ '/usr/local/Cellar/node/4.2.1/bin/node',
1 verbose cli   '/usr/local/bin/npm',
1 verbose cli   'publish' ]
2 info using npm@3.8.6
3 info using node@v4.2.1
4 verbose publish [ '.' ]
5 silly cache add args [ '.', null ]
6 verbose cache add spec .
7 silly cache add parsed spec Result {
7 silly cache add   raw: '.',
7 silly cache add   scope: null,
7 silly cache add   name: null,
7 silly cache add   rawSpec: '.',
7 silly cache add   spec: '/Users/jdelon02/git/generator-drupalmodule',
7 silly cache add   type: 'directory' }
8 verbose addLocalDirectory /Users/jdelon02/.npm/@delongaz/generator-drupalmodule/0.1.2/package.tgz not in flight; packing
9 verbose correctMkdir /Users/jdelon02/.npm correctMkdir not in flight; initializing
10 info lifecycle @delongaz/generator-drupalmodule@0.1.2~prepublish: @delongaz/generator-drupalmodule@0.1.2
11 silly lifecycle @delongaz/generator-drupalmodule@0.1.2~prepublish: no script for prepublish, continuing
12 verbose tar pack [ '/Users/jdelon02/.npm/@delongaz/generator-drupalmodule/0.1.2/package.tgz',
12 verbose tar pack   '/Users/jdelon02/git/generator-drupalmodule' ]
13 verbose tarball /Users/jdelon02/.npm/@delongaz/generator-drupalmodule/0.1.2/package.tgz
14 verbose folder /Users/jdelon02/git/generator-drupalmodule
15 verbose addLocalTarball adding from inside cache /Users/jdelon02/.npm/@delongaz/generator-drupalmodule/0.1.2/package.tgz
16 verbose correctMkdir /Users/jdelon02/.npm correctMkdir not in flight; initializing
17 silly cache afterAdd @delongaz/generator-drupalmodule@0.1.2
18 verbose afterAdd /Users/jdelon02/.npm/@delongaz/generator-drupalmodule/0.1.2/package/package.json not in flight; writing
19 verbose correctMkdir /Users/jdelon02/.npm correctMkdir not in flight; initializing
20 verbose afterAdd /Users/jdelon02/.npm/@delongaz/generator-drupalmodule/0.1.2/package/package.json written
21 silly publish { name: '@delongaz/generator-drupalmodule',
21 silly publish   version: '0.1.2',
21 silly publish   description: 'Yeoman generator for drupal 7 modules with enhancements',
21 silly publish   keywords: [ 'yeoman-generator', 'Drupal 7 Module' ],
21 silly publish   homepage: 'https://github.com/jdelon02/generator-drupalmodule',
21 silly publish   bugs: { url: 'https://github.com/jdelon02/generator-drupalmodule/issues' },
21 silly publish   author: { name: 'Jeremy DeLong', email: 'chefjeremy@delongaz.com' },
21 silly publish   main: 'app/index.js',
21 silly publish   repository:
21 silly publish    { type: 'git',
21 silly publish      url: 'git://github.com/jdelon02/generator-drupalmodule.git' },
21 silly publish   scripts: { test: 'mocha' },
21 silly publish   dependencies: { 'yeoman-generator': '~0.10.2' },
21 silly publish   devDependencies: { mocha: '~1.9.0' },
21 silly publish   engines: { node: '>=0.8.0' },
21 silly publish   licenses: [ { type: 'MIT' } ],
21 silly publish   readme: '# Generator-drupalmodule\n\nYeoman generator for drupal modules.\n\n## Getting started\n- Make sure you have [yo](https://github.com/yeoman/yo) installed:\n    `npm install -g yo`\n- Install the generator: `npm install -g generator-drupalmodule`\n- mkdir your module folder at sites/*/modules and cd into it\n- Run: `yo drupalmodule`\n\n## License\n[MIT License](http://en.wikipedia.org/wiki/MIT_License)\n\n## Differences Planned:\n1.  Want to be able to run from modules folder, rather than having to already have module folder created.\n2.  Expanding package.json to include dependencies for linting, codesniffer, drupal coder, phpdoc generation, and more.\n3.  Better functionality documentation within module function calls (and might include a couple more).\n4.  We shall see...\n',
21 silly publish   readmeFilename: 'README.md',
21 silly publish   gitHead: 'f7710d632896f9a1e461d5ede89ef42992c366f9',
21 silly publish   _id: '@delongaz/generator-drupalmodule@0.1.2',
21 silly publish   _shasum: 'b14bae71ba48c4603ae95917d6690b629818050a',
21 silly publish   _from: '.' }
22 verbose getPublishConfig undefined
23 silly mapToRegistry name @delongaz/generator-drupalmodule
24 silly mapToRegistry scope (from package name) @delongaz
25 verbose mapToRegistry no registry URL found in name for scope @delongaz
26 silly mapToRegistry scope (from config) @delongaz
27 verbose mapToRegistry no registry URL found in config for scope @delongaz
28 silly mapToRegistry using default registry
29 silly mapToRegistry registry https://registry.npmjs.org/
30 silly mapToRegistry data Result {
30 silly mapToRegistry   raw: '@delongaz/generator-drupalmodule',
30 silly mapToRegistry   scope: '@delongaz',
30 silly mapToRegistry   name: '@delongaz/generator-drupalmodule',
30 silly mapToRegistry   rawSpec: '',
30 silly mapToRegistry   spec: 'latest',
30 silly mapToRegistry   type: 'tag' }
31 silly mapToRegistry uri https://registry.npmjs.org/@delongaz%2fgenerator-drupalmodule
32 verbose publish registryBase https://registry.npmjs.org/
33 silly publish uploading /Users/jdelon02/.npm/@delongaz/generator-drupalmodule/0.1.2/package.tgz
34 verbose request uri https://registry.npmjs.org/@delongaz%2fgenerator-drupalmodule
35 verbose request sending authorization for write operation
36 info attempt registry request try #1 at 11:38:25 AM
37 verbose request using bearer token for auth
38 verbose request id 530c4cbc52669351
39 http request PUT https://registry.npmjs.org/@delongaz%2fgenerator-drupalmodule
40 http 403 https://registry.npmjs.org/@delongaz%2fgenerator-drupalmodule
41 verbose headers { 'content-type': 'application/json',
41 verbose headers   'cache-control': 'max-age=0',
41 verbose headers   'content-length': '95',
41 verbose headers   'accept-ranges': 'bytes',
41 verbose headers   date: 'Fri, 06 May 2016 15:38:27 GMT',
41 verbose headers   via: '1.1 varnish',
41 verbose headers   connection: 'keep-alive',
41 verbose headers   'x-served-by': 'cache-jfk1021-JFK',
41 verbose headers   'x-cache': 'MISS',
41 verbose headers   'x-cache-hits': '0',
41 verbose headers   'x-timer': 'S1462549105.761256,VS0,VE1292' }
42 verbose request invalidating /Users/jdelon02/.npm/registry.npmjs.org/_40delongaz_252fgenerator-drupalmodule on PUT
43 error publish Failed PUT 403
44 verbose stack Error: "You cannot publish over the previously published version 0.1.2." : @delongaz/generator-drupalmodule
44 verbose stack     at makeError (/usr/local/lib/node_modules/npm/node_modules/npm-registry-client/lib/request.js:264:12)
44 verbose stack     at CachingRegistryClient.<anonymous> (/usr/local/lib/node_modules/npm/node_modules/npm-registry-client/lib/request.js:252:14)
44 verbose stack     at Request._callback (/usr/local/lib/node_modules/npm/node_modules/npm-registry-client/lib/request.js:172:14)
44 verbose stack     at Request.self.callback (/usr/local/lib/node_modules/npm/node_modules/request/request.js:199:22)
44 verbose stack     at emitTwo (events.js:87:13)
44 verbose stack     at Request.emit (events.js:172:7)
44 verbose stack     at Request.<anonymous> (/usr/local/lib/node_modules/npm/node_modules/request/request.js:1036:10)
44 verbose stack     at emitOne (events.js:82:20)
44 verbose stack     at Request.emit (events.js:169:7)
44 verbose stack     at IncomingMessage.<anonymous> (/usr/local/lib/node_modules/npm/node_modules/request/request.js:963:12)
45 verbose statusCode 403
46 verbose pkgid @delongaz/generator-drupalmodule
47 verbose cwd /Users/jdelon02/git/generator-drupalmodule
48 error Darwin 14.5.0
49 error argv "/usr/local/Cellar/node/4.2.1/bin/node" "/usr/local/bin/npm" "publish"
50 error node v4.2.1
51 error npm  v3.8.6
52 error code E403
53 error "You cannot publish over the previously published version 0.1.2." : @delongaz/generator-drupalmodule
54 error If you need help, you may report this error at:
54 error     <https://github.com/npm/npm/issues>
55 verbose exit [ 1, true ]
